app/build/intermediates/manifest_merge_blame_file/debug/manifest-merger-blame-debug-report.txt
1<?xml version="1.0" encoding="utf-8"?>
2<manifest xmlns:android="http://schemas.android.com/apk/res/android"
3    package="com.romnan.githubuser"
4    android:versionCode="1"
5    android:versionName="1.0" >
6
7    <uses-sdk
8        android:minSdkVersion="23"
8-->src\main\AndroidManifest.xml
9        android:targetSdkVersion="29" />
9-->src\main\AndroidManifest.xml
10
11    <uses-permission android:name="android.permission.INTERNET" />
11-->src\main\AndroidManifest.xml:5:5-67
11-->src\main\AndroidManifest.xml:5:22-64
12
13    <permission
13-->src\main\AndroidManifest.xml:7:5-9:44
14        android:name="com.romnan.githubuser.READ_DATABASE"
14-->src\main\AndroidManifest.xml:8:9-59
15        android:protectionLevel="normal" />
15-->src\main\AndroidManifest.xml:9:9-41
16    <permission
16-->src\main\AndroidManifest.xml:10:5-12:44
17        android:name="com.romnan.githubuser.WRITE_DATABASE"
17-->src\main\AndroidManifest.xml:11:9-60
18        android:protectionLevel="normal" />
18-->src\main\AndroidManifest.xml:12:9-41
19
20    <application
20-->src\main\AndroidManifest.xml:14:5-58:19
21        android:allowBackup="true"
21-->src\main\AndroidManifest.xml:15:9-35
22        android:appComponentFactory="androidx.core.app.CoreComponentFactory"
22-->[androidx.core:core:1.1.0] AndroidManifest.xml:24:18-86
23        android:debuggable="true"
24        android:extractNativeLibs="false"
25        android:fullBackupContent="true"
25-->src\main\AndroidManifest.xml:16:9-41
26        android:icon="@mipmap/ic_launcher"
26-->src\main\AndroidManifest.xml:17:9-43
27        android:label="@string/app_name"
27-->src\main\AndroidManifest.xml:18:9-41
28        android:roundIcon="@mipmap/ic_launcher_round"
28-->src\main\AndroidManifest.xml:19:9-54
29        android:supportsRtl="true"
29-->src\main\AndroidManifest.xml:20:9-35
30        android:testOnly="true"
31        android:theme="@style/AppTheme"
31-->src\main\AndroidManifest.xml:21:9-40
32        android:usesCleartextTraffic="true" >
32-->src\main\AndroidManifest.xml:22:9-44
33        <receiver
33-->src\main\AndroidManifest.xml:23:9-26:39
34            android:name="com.romnan.githubuser.receiver.AlarmReceiver"
34-->src\main\AndroidManifest.xml:24:13-51
35            android:enabled="true"
35-->src\main\AndroidManifest.xml:25:13-35
36            android:exported="true" />
36-->src\main\AndroidManifest.xml:26:13-36
37
38        <provider
38-->src\main\AndroidManifest.xml:28:9-34:78
39            android:name="com.romnan.githubuser.provider.FavUserProvider"
39-->src\main\AndroidManifest.xml:29:13-53
40            android:authorities="com.romnan.githubuser"
40-->src\main\AndroidManifest.xml:30:13-56
41            android:enabled="true"
41-->src\main\AndroidManifest.xml:31:13-35
42            android:exported="true"
42-->src\main\AndroidManifest.xml:32:13-36
43            android:readPermission="com.romnan.githubuser.READ_DATABASE"
43-->src\main\AndroidManifest.xml:33:13-73
44            android:writePermission="com.romnan.githubuser.WRITE_DATABASE" />
44-->src\main\AndroidManifest.xml:34:13-75
45
46        <activity android:name="com.romnan.githubuser.activity.MainActivity" >
46-->src\main\AndroidManifest.xml:36:9-42:20
46-->src\main\AndroidManifest.xml:36:19-56
47            <intent-filter>
47-->src\main\AndroidManifest.xml:37:13-41:29
48                <action android:name="android.intent.action.MAIN" />
48-->src\main\AndroidManifest.xml:38:17-69
48-->src\main\AndroidManifest.xml:38:25-66
49
50                <category android:name="android.intent.category.LAUNCHER" />
50-->src\main\AndroidManifest.xml:40:17-77
50-->src\main\AndroidManifest.xml:40:27-74
51            </intent-filter>
52        </activity>
53        <activity android:name="com.romnan.githubuser.activity.UserDetailActivity" >
53-->src\main\AndroidManifest.xml:43:9-47:20
53-->src\main\AndroidManifest.xml:43:19-62
54            <meta-data
54-->src\main\AndroidManifest.xml:44:13-46:58
55                android:name="android.support.PARENT_ACTIVITY"
55-->src\main\AndroidManifest.xml:45:17-63
56                android:value=".activity.MainActivity" />
56-->src\main\AndroidManifest.xml:46:17-55
57        </activity>
58        <activity android:name="com.romnan.githubuser.activity.FavUserActivity" >
58-->src\main\AndroidManifest.xml:48:9-52:20
58-->src\main\AndroidManifest.xml:48:19-59
59            <meta-data
59-->src\main\AndroidManifest.xml:44:13-46:58
60                android:name="android.support.PARENT_ACTIVITY"
60-->src\main\AndroidManifest.xml:45:17-63
61                android:value=".activity.MainActivity" />
61-->src\main\AndroidManifest.xml:46:17-55
62        </activity>
63        <activity android:name="com.romnan.githubuser.activity.PreferenceActivity" >
63-->src\main\AndroidManifest.xml:53:9-57:20
63-->src\main\AndroidManifest.xml:53:19-62
64            <meta-data
64-->src\main\AndroidManifest.xml:44:13-46:58
65                android:name="android.support.PARENT_ACTIVITY"
65-->src\main\AndroidManifest.xml:45:17-63
66                android:value=".activity.MainActivity" />
66-->src\main\AndroidManifest.xml:46:17-55
67        </activity>
68    </application>
69
70</manifest>